<?xml version="1.0" encoding="UTF-8"?>
<!-- Generated by org.testng.reporters.JUnitReportReporter -->
<testsuite skipped="0" hostname="BDC6-DX-84FNX52" name="codoingRound.Tests" tests="3" failures="0" timestamp="01 Oct 2019 06:10:44 GMT" time="130.371" errors="0">
  <testcase name="testFlightJourney" time="56.223" classname="codoingRound.Tests"/>
  <testcase name="searchForHotels" time="51.091" classname="codoingRound.Tests"/>
  <testcase name="shouldThrowAnErrorIfSignInDetailsAreMissing" time="23.057" classname="codoingRound.Tests"/>
</testsuite> <!-- codoingRound.Tests -->
